{
  "stats": {
    "suites": 1,
    "tests": 1,
    "passes": 1,
    "pending": 0,
    "failures": 0,
    "start": "2022-01-17T15:30:37.602Z",
    "end": "2022-01-17T15:30:48.236Z",
    "duration": 10634,
    "testsRegistered": 1,
    "passPercent": 100,
    "pendingPercent": 0,
    "other": 0,
    "hasOther": false,
    "skipped": 0,
    "hasSkipped": false
  },
  "results": [
    {
      "uuid": "e4cfc95a-fe05-49b0-a3cb-21d20694eef7",
      "title": "",
      "fullFile": "cypress/integration/webtables.js",
      "file": "cypress/integration/webtables.js",
      "beforeHooks": [],
      "afterHooks": [],
      "tests": [],
      "suites": [
        {
          "uuid": "51f4d2c8-8a06-4813-9f05-b1660f71a8cd",
          "title": "webtables",
          "fullFile": "",
          "file": "",
          "beforeHooks": [],
          "afterHooks": [],
          "tests": [
            {
              "title": "testcase1",
              "fullTitle": "webtables testcase1",
              "timedOut": null,
              "duration": 8881,
              "state": "passed",
              "speed": "medium",
              "pass": true,
              "fail": false,
              "pending": false,
              "context": null,
              "code": "cy.visit(\"https://rahulshettyacademy.com/AutomationPractice/\");\ncy.get(\"tr td:nth-child(2)\").each(function ($e1, index, $list) {\n  var course = $e1.text();\n  if (course.includes(\"Python \")) {\n    //to travese to child or slibling from parent in cypress we have to use \"next\" and can be used with \"get\" ly\n    cy.get(\"tr td:nth-child(2)\").eq(index).next().then(function (price) {\n      var pricetext = price.text();\n      expect(pricetext).to.equal(\"25\");\n    });\n  }\n}); //for finding child tr td:nth-child(2) //second coloum",
              "err": {},
              "uuid": "d0bbceb7-9780-4679-acad-24d111381af3",
              "parentUUID": "51f4d2c8-8a06-4813-9f05-b1660f71a8cd",
              "isHook": false,
              "skipped": false
            }
          ],
          "suites": [],
          "passes": [
            "d0bbceb7-9780-4679-acad-24d111381af3"
          ],
          "failures": [],
          "pending": [],
          "skipped": [],
          "duration": 8881,
          "root": false,
          "rootEmpty": false,
          "_timeout": 2000
        }
      ],
      "passes": [],
      "failures": [],
      "pending": [],
      "skipped": [],
      "duration": 0,
      "root": true,
      "rootEmpty": true,
      "_timeout": 2000
    }
  ],
  "meta": {
    "mocha": {
      "version": "7.0.1"
    },
    "mochawesome": {
      "options": {
        "quiet": false,
        "reportFilename": "mochawesome",
        "saveHtml": true,
        "saveJson": true,
        "consoleReporter": "spec",
        "useInlineDiffs": false,
        "code": true
      },
      "version": "7.0.1"
    },
    "marge": {
      "options": null,
      "version": "6.0.1"
    }
  }
}